In file included from ../src/bufferutil.cc:17:
In file included from ../../nan/nan.h:222:
In file included from ../../nan/nan_converters.h:67:
../../nan/nan_converters_43_inl.h:22:1: warning: 'ToBoolean' is deprecated: ToBoolean can never throw. Use Local version. [-Wdeprecated-declarations]
X(Boolean)
^
../../nan/nan_converters_43_inl.h:18:12: note: expanded from macro 'X'
      val->To ## TYPE(isolate->GetCurrentContext())                            \
           ^
<scratch space>:134:1: note: expanded from here
ToBoolean
^
/Users/max/Library/Caches/node-gyp/12.16.1/include/node/v8.h:2663:3: note: 'ToBoolean' has been explicitly marked deprecated here
  V8_DEPRECATED("ToBoolean can never throw. Use Local version.",
  ^
/Users/max/Library/Caches/node-gyp/12.16.1/include/node/v8config.h:328:29: note: expanded from macro 'V8_DEPRECATED'
  declarator __attribute__((deprecated(message)))
                            ^
In file included from ../src/bufferutil.cc:17:
In file included from ../../nan/nan.h:222:
In file included from ../../nan/nan_converters.h:67:
../../nan/nan_converters_43_inl.h:40:1: warning: 'BooleanValue' is deprecated: BooleanValue can never throw. Use Isolate version. [-Wdeprecated-declarations]
X(bool, Boolean)
^
../../nan/nan_converters_43_inl.h:37:15: note: expanded from macro 'X'
  return val->NAME ## Value(isolate->GetCurrentContext());                     \
              ^
<scratch space>:141:1: note: expanded from here
BooleanValue
^
/Users/max/Library/Caches/node-gyp/12.16.1/include/node/v8.h:2701:3: note: 'BooleanValue' has been explicitly marked deprecated here
  V8_DEPRECATED("BooleanValue can never throw. Use Isolate version.",
  ^
/Users/max/Library/Caches/node-gyp/12.16.1/include/node/v8config.h:328:29: note: expanded from macro 'V8_DEPRECATED'
  declarator __attribute__((deprecated(message)))
                            ^
In file included from ../src/bufferutil.cc:17:
In file included from ../../nan/nan.h:223:
In file included from ../../nan/nan_new.h:189:
../../nan/nan_implementation_12_inl.h:356:37: error: too few arguments to function call, expected 2, have 1
  return v8::StringObject::New(value).As<v8::StringObject>();
         ~~~~~~~~~~~~~~~~~~~~~      ^
/Users/max/Library/Caches/node-gyp/12.16.1/include/node/v8.h:5531:3: note: 'New' declared here
  static Local<Value> New(Isolate* isolate, Local<String> value);
  ^
In file included from ../src/bufferutil.cc:17:
In file included from ../../nan/nan.h:223:
In file included from ../../nan/nan_new.h:189:
../../nan/nan_implementation_12_inl.h:356:58: error: expected '(' for function-style cast or type construction
  return v8::StringObject::New(value).As<v8::StringObject>();
                                         ~~~~~~~~~~~~~~~~^
../../nan/nan_implementation_12_inl.h:356:60: error: expected expression
  return v8::StringObject::New(value).As<v8::StringObject>();
                                                           ^
In file included from ../src/bufferutil.cc:17:
In file included from ../../nan/nan.h:2722:
../../nan/nan_object_wrap.h:24:25: error: no member named 'IsNearDeath' in 'Nan::Persistent<v8::Object, v8::NonCopyablePersistentTraits<v8::Object> >'
    assert(persistent().IsNearDeath());
           ~~~~~~~~~~~~ ^
/usr/include/assert.h:93:25: note: expanded from macro 'assert'
    (__builtin_expect(!(e), 0) ? __assert_rtn(__func__, __FILE__, __LINE__, #e) : (void)0)
                        ^
In file included from ../src/bufferutil.cc:17:
In file included from ../../nan/nan.h:2722:
../../nan/nan_object_wrap.h:127:26: error: no member named 'IsNearDeath' in 'Nan::Persistent<v8::Object, v8::NonCopyablePersistentTraits<v8::Object> >'
    assert(wrap->handle_.IsNearDeath());
           ~~~~~~~~~~~~~ ^
/usr/include/assert.h:93:25: note: expanded from macro 'assert'
    (__builtin_expect(!(e), 0) ? __assert_rtn(__func__, __FILE__, __LINE__, #e) : (void)0)
                        ^
../src/bufferutil.cc:26:30: error: no template named 'Handle' in namespace 'v8'
  static void Initialize(v8::Handle<v8::Object> target)
                         ~~~~^
../src/bufferutil.cc:34:86: error: too few arguments to function call, single argument 'context' was not specified
    Nan::Set(target, Nan::New<String>("BufferUtil").ToLocalChecked(), t->GetFunction());
                                                                      ~~~~~~~~~~~~~~ ^
/Users/max/Library/Caches/node-gyp/12.16.1/include/node/v8.h:6126:3: note: 'GetFunction' declared here
  V8_WARN_UNUSED_RESULT MaybeLocal<Function> GetFunction(
  ^
/Users/max/Library/Caches/node-gyp/12.16.1/include/node/v8config.h:368:31: note: expanded from macro 'V8_WARN_UNUSED_RESULT'
#define V8_WARN_UNUSED_RESULT __attribute__((warn_unused_result))
                              ^
../src/bufferutil.cc:50:40: error: no matching member function for call to 'ToObject'
    Local<Object> bufferObj = info[0]->ToObject();
                              ~~~~~~~~~^~~~~~~~
/Users/max/Library/Caches/node-gyp/12.16.1/include/node/v8.h:2672:44: note: candidate function not viable: requires single argument 'context', but no arguments were provided
  V8_WARN_UNUSED_RESULT MaybeLocal<Object> ToObject(
                                           ^
/Users/max/Library/Caches/node-gyp/12.16.1/include/node/v8.h:2686:31: note: candidate function not viable: requires single argument 'isolate', but no arguments were provided
                Local<Object> ToObject(Isolate* isolate) const);
                              ^
../src/bufferutil.cc:57:42: error: no matching member function for call to 'ToObject'
      Local<Object> src = array->Get(i)->ToObject();
                          ~~~~~~~~~~~~~~~^~~~~~~~
/Users/max/Library/Caches/node-gyp/12.16.1/include/node/v8.h:2672:44: note: candidate function not viable: requires single argument 'context', but no arguments were provided
  V8_WARN_UNUSED_RESULT MaybeLocal<Object> ToObject(
                                           ^
/Users/max/Library/Caches/node-gyp/12.16.1/include/node/v8.h:2686:31: note: candidate function not viable: requires single argument 'isolate', but no arguments were provided
                Local<Object> ToObject(Isolate* isolate) const);
                              ^
../src/bufferutil.cc:57:34: warning: 'Get' is deprecated: Use maybe version [-Wdeprecated-declarations]
      Local<Object> src = array->Get(i)->ToObject();
                                 ^
/Users/max/Library/Caches/node-gyp/12.16.1/include/node/v8.h:3557:3: note: 'Get' has been explicitly marked deprecated here
  V8_DEPRECATED("Use maybe version", Local<Value> Get(uint32_t index));
  ^
/Users/max/Library/Caches/node-gyp/12.16.1/include/node/v8config.h:328:29: note: expanded from macro 'V8_DEPRECATED'
  declarator __attribute__((deprecated(message)))
                            ^
../src/bufferutil.cc:68:41: error: no matching member function for call to 'ToObject'
    Local<Object> buffer_obj = info[0]->ToObject();
                               ~~~~~~~~~^~~~~~~~
/Users/max/Library/Caches/node-gyp/12.16.1/include/node/v8.h:2672:44: note: candidate function not viable: requires single argument 'context', but no arguments were provided
  V8_WARN_UNUSED_RESULT MaybeLocal<Object> ToObject(
                                           ^
/Users/max/Library/Caches/node-gyp/12.16.1/include/node/v8.h:2686:31: note: candidate function not viable: requires single argument 'isolate', but no arguments were provided
                Local<Object> ToObject(Isolate* isolate) const);
                              ^
../src/bufferutil.cc:70:39: error: no matching member function for call to 'ToObject'
    Local<Object> mask_obj = info[1]->ToObject();
                             ~~~~~~~~~^~~~~~~~
/Users/max/Library/Caches/node-gyp/12.16.1/include/node/v8.h:2672:44: note: candidate function not viable: requires single argument 'context', but no arguments were provided
  V8_WARN_UNUSED_RESULT MaybeLocal<Object> ToObject(
                                           ^
/Users/max/Library/Caches/node-gyp/12.16.1/include/node/v8.h:2686:31: note: candidate function not viable: requires single argument 'isolate', but no arguments were provided
                Local<Object> ToObject(Isolate* isolate) const);
                              ^
../src/bufferutil.cc:89:41: error: no matching member function for call to 'ToObject'
    Local<Object> buffer_obj = info[0]->ToObject();
                               ~~~~~~~~~^~~~~~~~
/Users/max/Library/Caches/node-gyp/12.16.1/include/node/v8.h:2672:44: note: candidate function not viable: requires single argument 'context', but no arguments were provided
  V8_WARN_UNUSED_RESULT MaybeLocal<Object> ToObject(
                                           ^
/Users/max/Library/Caches/node-gyp/12.16.1/include/node/v8.h:2686:31: note: candidate function not viable: requires single argument 'isolate', but no arguments were provided
                Local<Object> ToObject(Isolate* isolate) const);
                              ^
../src/bufferutil.cc:90:39: error: no matching member function for call to 'ToObject'
    Local<Object> mask_obj = info[1]->ToObject();
                             ~~~~~~~~~^~~~~~~~
/Users/max/Library/Caches/node-gyp/12.16.1/include/node/v8.h:2672:44: note: candidate function not viable: requires single argument 'context', but no arguments were provided
  V8_WARN_UNUSED_RESULT MaybeLocal<Object> ToObject(
                                           ^
/Users/max/Library/Caches/node-gyp/12.16.1/include/node/v8.h:2686:31: note: candidate function not viable: requires single argument 'isolate', but no arguments were provided
                Local<Object> ToObject(Isolate* isolate) const);
                              ^
../src/bufferutil.cc:92:41: error: no matching member function for call to 'ToObject'
    Local<Object> output_obj = info[2]->ToObject();
                               ~~~~~~~~~^~~~~~~~
/Users/max/Library/Caches/node-gyp/12.16.1/include/node/v8.h:2672:44: note: candidate function not viable: requires single argument 'context', but no arguments were provided
  V8_WARN_UNUSED_RESULT MaybeLocal<Object> ToObject(
                                           ^
/Users/max/Library/Caches/node-gyp/12.16.1/include/node/v8.h:2686:31: note: candidate function not viable: requires single argument 'isolate', but no arguments were provided
                Local<Object> ToObject(Isolate* isolate) const);
                              ^
../src/bufferutil.cc:93:51: error: too few arguments to function call, single argument 'context' was not specified
    unsigned int dataOffset = info[3]->Int32Value();
                              ~~~~~~~~~~~~~~~~~~~ ^
/Users/max/Library/Caches/node-gyp/12.16.1/include/node/v8.h:2709:3: note: 'Int32Value' declared here
  V8_WARN_UNUSED_RESULT Maybe<int32_t> Int32Value(Local<Context> context) const;
  ^
/Users/max/Library/Caches/node-gyp/12.16.1/include/node/v8config.h:368:31: note: expanded from macro 'V8_WARN_UNUSED_RESULT'
#define V8_WARN_UNUSED_RESULT __attribute__((warn_unused_result))
                              ^
../src/bufferutil.cc:94:47: error: too few arguments to function call, single argument 'context' was not specified
    unsigned int length = info[4]->Int32Value();
                          ~~~~~~~~~~~~~~~~~~~ ^
/Users/max/Library/Caches/node-gyp/12.16.1/include/node/v8.h:2709:3: note: 'Int32Value' declared here
  V8_WARN_UNUSED_RESULT Maybe<int32_t> Int32Value(Local<Context> context) const;
  ^
/Users/max/Library/Caches/node-gyp/12.16.1/include/node/v8config.h:368:31: note: expanded from macro 'V8_WARN_UNUSED_RESULT'
#define V8_WARN_UNUSED_RESULT __attribute__((warn_unused_result))
                              ^
../src/bufferutil.cc:115:6: error: variable has incomplete type 'void'
void init (Handle<Object> target)
     ^
../src/bufferutil.cc:115:19: error: 'Object' does not refer to a value
void init (Handle<Object> target)
                  ^
/Users/max/Library/Caches/node-gyp/12.16.1/include/node/v8.h:3496:17: note: declared here
class V8_EXPORT Object : public Value {
                ^
../src/bufferutil.cc:115:12: error: use of undeclared identifier 'Handle'
void init (Handle<Object> target)
           ^
fatal error: too many errors emitted, stopping now [-ferror-limit=]
3 warnings and 20 errors generated.
make: *** [Release/obj.target/bufferutil/src/bufferutil.o] Error 1
gyp ERR! build error 
gyp ERR! stack Error: `make` failed with exit code: 2
gyp ERR! stack     at ChildProcess.onExit (/usr/local/lib/node_modules/npm/node_modules/node-gyp/lib/build.js:194:23)
gyp ERR! stack     at ChildProcess.emit (events.js:311:20)
gyp ERR! stack     at Process.ChildProcess._handle.onexit (internal/child_process.js:275:12)
gyp ERR! System Darwin 17.7.0
gyp ERR! command "/usr/local/bin/node" "/usr/local/lib/node_modules/npm/node_modules/node-gyp/bin/node-gyp.js" "rebuild"
gyp ERR! cwd /Volumes/mac2/theBlockchainTechnologyTransfromTheSupplyChain/wine-supply-chain/node_modules/websocket
gyp ERR! node -v v12.16.1
gyp ERR! node-gyp -v v5.0.5
gyp ERR! not ok 
